<?xml version="1.0" encoding="UTF-8"?>
<!-- Generated by org.testng.reporters.JUnitReportReporter -->
<testsuite skipped="0" hostname="LAPTOP-3M5A5R3N" name="test.TeamPlanningPageTest" tests="2" failures="0" timestamp="12 Mar 2019 03:15:38 GMT" time="2.455" errors="0">
  <testcase name="clickMenubutton" time="2.127" classname="test.TeamPlanningPageTest"/>
  <testcase name="isTeamplanningButtonclicked" time="0.328" classname="test.TeamPlanningPageTest"/>
</testsuite> <!-- test.TeamPlanningPageTest -->
