<?xml version="1.0" encoding="UTF-8"?>
<!-- Generated by org.testng.reporters.JUnitReportReporter -->
<testsuite skipped="0" hostname="LAPTOP-3M5A5R3N" name="test.DashboardTest" tests="1" failures="0" timestamp="12 Mar 2019 03:05:38 GMT" time="1.040" errors="0">
  <testcase name="Login" time="1.040" classname="test.DashboardTest"/>
</testsuite> <!-- test.DashboardTest -->
