<?xml version="1.0" encoding="UTF-8"?>
<!-- Generated by org.testng.reporters.JUnitReportReporter -->
<testsuite skipped="0" hostname="LAPTOP-3M5A5R3N" name="test.DashboardTest" tests="1" failures="0" timestamp="14 Mar 2019 00:45:41 GMT" time="1.130" errors="0">
  <testcase name="Login" time="1.130" classname="test.DashboardTest"/>
</testsuite> <!-- test.DashboardTest -->
